<?xml version="1.0" encoding="UTF-8"?>
<testng-results skipped="0" failed="0" total="1" passed="1">
  <reporter-output>
  </reporter-output>
  <suite name="suitname" duration-ms="56249" started-at="2019-08-10T12:57:33Z" finished-at="2019-08-10T12:58:29Z">
    <groups>
    </groups>
    <test name="testname" duration-ms="56249" started-at="2019-08-10T12:57:33Z" finished-at="2019-08-10T12:58:29Z">
      <class name="com.syne.tests.Module3">
        <test-method status="PASS" signature="beforeMethod()[pri:0, instance:com.syne.tests.Module3@1a451d4d]" name="beforeMethod" is-config="true" duration-ms="7959" started-at="2019-08-10T18:27:38Z" finished-at="2019-08-10T18:27:46Z">
          <reporter-output>
          </reporter-output>
        </test-method> <!-- beforeMethod -->
        <test-method status="PASS" signature="tC01_verifyLoginFunctionality(java.util.List)[pri:0, instance:com.syne.tests.Module3@1a451d4d]" name="tC01_verifyLoginFunctionality" duration-ms="42245" started-at="2019-08-10T18:27:46Z" description="this is to verify login fun" finished-at="2019-08-10T18:28:28Z">
          <params>
            <param index="0">
              <value is-null="true"/>
            </param>
          </params>
          <reporter-output>
          </reporter-output>
        </test-method> <!-- tC01_verifyLoginFunctionality -->
      </class> <!-- com.syne.tests.Module3 -->
      <class name="com.syne.tests.Module4">
        <test-method status="PASS" signature="beforeSuit()[pri:0, instance:com.syne.tests.Module4@402bba4f]" name="beforeSuit" is-config="true" duration-ms="0" started-at="2019-08-10T18:27:33Z" finished-at="2019-08-10T18:27:33Z">
          <reporter-output>
          </reporter-output>
        </test-method> <!-- beforeSuit -->
        <test-method status="PASS" signature="beforeTest()[pri:0, instance:com.syne.tests.Module4@402bba4f]" name="beforeTest" is-config="true" duration-ms="5110" started-at="2019-08-10T18:27:33Z" finished-at="2019-08-10T18:27:38Z">
          <reporter-output>
          </reporter-output>
        </test-method> <!-- beforeTest -->
        <test-method status="PASS" signature="afterTest()[pri:0, instance:com.syne.tests.Module4@402bba4f]" name="afterTest" is-config="true" duration-ms="713" started-at="2019-08-10T18:28:28Z" finished-at="2019-08-10T18:28:29Z">
          <reporter-output>
          </reporter-output>
        </test-method> <!-- afterTest -->
      </class> <!-- com.syne.tests.Module4 -->
    </test> <!-- testname -->
  </suite> <!-- suitname -->
</testng-results>
