<?xml version="1.0" encoding="UTF-8"?>
<testng-results skipped="0" failed="0" total="1" passed="1">
  <reporter-output>
  </reporter-output>
  <suite name="suitname" duration-ms="57092" started-at="2019-08-10T12:51:02Z" finished-at="2019-08-10T12:52:00Z">
    <groups>
    </groups>
    <test name="testname" duration-ms="57092" started-at="2019-08-10T12:51:02Z" finished-at="2019-08-10T12:52:00Z">
      <class name="com.syne.tests.Module2">
        <test-method status="PASS" signature="beforeSuit()[pri:0, instance:com.syne.tests.Module2@65d6b83b]" name="beforeSuit" is-config="true" duration-ms="9" started-at="2019-08-10T18:21:02Z" finished-at="2019-08-10T18:21:02Z">
          <reporter-output>
          </reporter-output>
        </test-method> <!-- beforeSuit -->
        <test-method status="PASS" signature="beforeTest()[pri:0, instance:com.syne.tests.Module2@65d6b83b]" name="beforeTest" is-config="true" duration-ms="4357" started-at="2019-08-10T18:21:03Z" finished-at="2019-08-10T18:21:07Z">
          <reporter-output>
          </reporter-output>
        </test-method> <!-- beforeTest -->
        <test-method status="PASS" signature="afterTest()[pri:0, instance:com.syne.tests.Module2@65d6b83b]" name="afterTest" is-config="true" duration-ms="653" started-at="2019-08-10T18:21:59Z" finished-at="2019-08-10T18:22:00Z">
          <reporter-output>
          </reporter-output>
        </test-method> <!-- afterTest -->
      </class> <!-- com.syne.tests.Module2 -->
      <class name="com.syne.tests.Module3">
        <test-method status="PASS" signature="beforeMethod()[pri:0, instance:com.syne.tests.Module3@229d10bd]" name="beforeMethod" is-config="true" duration-ms="7138" started-at="2019-08-10T18:21:07Z" finished-at="2019-08-10T18:21:14Z">
          <reporter-output>
          </reporter-output>
        </test-method> <!-- beforeMethod -->
        <test-method status="PASS" signature="tC01_verifyLoginFunctionality(java.util.List)[pri:0, instance:com.syne.tests.Module3@229d10bd]" name="tC01_verifyLoginFunctionality" duration-ms="44772" started-at="2019-08-10T18:21:14Z" description="this is to verify login fun" finished-at="2019-08-10T18:21:59Z">
          <params>
            <param index="0">
              <value is-null="true"/>
            </param>
          </params>
          <reporter-output>
          </reporter-output>
        </test-method> <!-- tC01_verifyLoginFunctionality -->
      </class> <!-- com.syne.tests.Module3 -->
    </test> <!-- testname -->
  </suite> <!-- suitname -->
</testng-results>
